{"timestamp":"2025-10-17T06:19:17.059+00:00","source":{"id":"java/autobuilder/compilation-error","name":"Some of your code may have failed to compile","extractorName":"java"},"markdownMessage":"A compilation error was observed while autobuilding your code. Check that your Code Scanning workflow installs the needed compiler version and dependencies.\n\nRelevant output line: `[ERROR] COMPILATION ERROR : `","severity":"error","visibility":{"cliSummaryTable":true,"statusPage":true,"telemetry":true}}
{"timestamp":"2025-10-17T06:19:17.068+00:00","source":{"id":"java/autobuilder/compilation-error","name":"Some of your code may have failed to compile","extractorName":"java"},"markdownMessage":"A compilation error was observed while autobuilding your code. Check that your Code Scanning workflow installs the needed compiler version and dependencies.\n\nRelevant output line: `[ERROR] Failed to execute goal org.apache.maven.plugins:maven-compiler-plugin:3.8.1:testCompile (default-testCompile) on project log4j-api: Compilation failure`","severity":"error","visibility":{"cliSummaryTable":false,"statusPage":false,"telemetry":true}}
{"timestamp":"2025-10-17T06:19:17.069+00:00","source":{"id":"java/autobuilder/compilation-error","name":"Some of your code may have failed to compile","extractorName":"java"},"markdownMessage":"A compilation error was observed while autobuilding your code. Check that your Code Scanning workflow installs the needed compiler version and dependencies.\n\nRelevant output line: `org.apache.maven.lifecycle.LifecycleExecutionException: Failed to execute goal org.apache.maven.plugins:maven-compiler-plugin:3.8.1:testCompile (default-testCompile) on project log4j-api: Compilation failure`","severity":"error","visibility":{"cliSummaryTable":false,"statusPage":false,"telemetry":true}}
